\BOOKMARK [0][-]{chapter*.1}{\376\377\000R\000e\000m\000e\000r\000c\000i\000e\000m\000e\000n\000t\000s}{}% 1
\BOOKMARK [0][-]{chapter*.2}{\376\377\000D\000\351\000d\000i\000c\000a\000c\000e\000s}{}% 2
\BOOKMARK [0][-]{chapter*.2}{\376\377\000A\000b\000s\000t\000r\000a\000c\000t\000s}{}% 3
\BOOKMARK [0][-]{chapter*.3}{\376\377\000T\000a\000b\000l\000e\000\040\000o\000f\000\040\000C\000o\000n\000t\000e\000n\000t\000s}{}% 4
\BOOKMARK [0][-]{chapter*.4}{\376\377\000G\000e\000n\000e\000r\000a\000l\000\040\000I\000n\000t\000r\000o\000d\000u\000c\000t\000i\000o\000n}{}% 5
\BOOKMARK [0][-]{chapter.1}{\376\377\000G\000G}{}% 6
\BOOKMARK [1][-]{section.1.1}{\376\377\000P\000r\000o\000j\000e\000c\000t\000\040\000C\000o\000n\000t\000e\000x\000t\000\040\000a\000n\000d\000\040\000A\000r\000e\000a}{chapter.1}% 7
\BOOKMARK [1][-]{section.1.2}{\376\377\000R\000e\000l\000a\000t\000e\000d\000\040\000W\000o\000r\000k\000s}{chapter.1}% 8
\BOOKMARK [1][-]{section.1.3}{\376\377\000S\000y\000n\000t\000h\000e\000s\000i\000s\000\040\000a\000n\000d\000\040\000D\000i\000s\000c\000u\000s\000s\000i\000o\000n}{chapter.1}% 9
\BOOKMARK [0][-]{chapter.2}{\376\377\000C\000o\000n\000t\000r\000i\000b\000u\000t\000i\000o\000n\000s}{}% 10
\BOOKMARK [1][-]{section.2.1}{\376\377\000T\000h\000e\000o\000r\000e\000t\000i\000c\000a\000l\000\040\000P\000r\000o\000p\000o\000s\000a\000l}{chapter.2}% 11
\BOOKMARK [1][-]{section.2.2}{\376\377\000I\000m\000p\000l\000e\000m\000e\000n\000t\000a\000t\000i\000o\000n\000\040\000e\000t\000\040\000E\000x\000p\000e\000r\000i\000m\000e\000n\000t\000s}{chapter.2}% 12
\BOOKMARK [0][-]{chapter*.13}{\376\377\000G\000e\000n\000e\000r\000a\000l\000\040\000C\000o\000n\000c\000l\000u\000s\000i\000o\000n}{}% 13
\BOOKMARK [0][-]{chapter.3}{\376\377\000T\000e\000m\000p\000l\000a\000t\000e\000\040\000I\000t\000e\000m\000s}{}% 14
\BOOKMARK [1][-]{section.3.1}{\376\377\000T\000i\000t\000l\000e\000\040\000-\000\040\000L\000e\000v\000e\000l\000\040\0002}{chapter.3}% 15
\BOOKMARK [2][-]{subsection.3.1.1}{\376\377\000T\000i\000t\000l\000e\000\040\000-\000\040\000L\000e\000v\000e\000l\000\040\0003}{section.3.1}% 16
\BOOKMARK [1][-]{section.3.2}{\376\377\000L\000i\000s\000t\000s\000\040\000o\000f\000\040\000I\000t\000e\000m\000s}{chapter.3}% 17
\BOOKMARK [1][-]{section.3.3}{\376\377\000F\000i\000g\000u\000r\000e\000s\000,\000\040\000T\000a\000b\000l\000e\000s\000\040\000a\000n\000d\000\040\000A\000l\000g\000o\000r\000i\000t\000h\000m\000s}{chapter.3}% 18
\BOOKMARK [1][-]{section.3.4}{\376\377\000C\000r\000o\000s\000s\000-\000R\000e\000f\000e\000r\000e\000n\000c\000i\000n\000g}{chapter.3}% 19
\BOOKMARK [1][-]{section.3.5}{\376\377\000S\000o\000u\000r\000c\000e\000\040\000C\000o\000d\000e\000s}{chapter.3}% 20
\BOOKMARK [1][-]{section.3.6}{\376\377\000B\000i\000b\000l\000i\000o\000g\000r\000a\000p\000h\000i\000c\000\040\000C\000i\000t\000a\000t\000i\000o\000n\000s}{chapter.3}% 21
\BOOKMARK [0][-]{chapter*.19}{\376\377\000B\000i\000b\000l\000i\000o\000g\000r\000a\000p\000h\000y}{}% 22
\BOOKMARK [0][-]{chapter*.20}{\376\377\000A\000c\000r\000o\000n\000y\000m\000s}{}% 23
